[0m19:44:50.803340 [debug] [MainThread]: Sending event: {'category': 'dbt', 'action': 'invocation', 'label': 'start', 'context': [<snowplow_tracker.self_describing_json.SelfDescribingJson object at 0x1072a94f0>, <snowplow_tracker.self_describing_json.SelfDescribingJson object at 0x10500fdf0>, <snowplow_tracker.self_describing_json.SelfDescribingJson object at 0x1083ce610>]}


============================== 19:44:50.805646 | c9348cc2-b454-44f7-ad97-5b75cd7acd5d ==============================
[0m19:44:50.805646 [info ] [MainThread]: Running with dbt=1.5.1
[0m19:44:50.805954 [debug] [MainThread]: running dbt with arguments {'printer_width': '80', 'indirect_selection': 'eager', 'write_json': 'True', 'log_cache_events': 'False', 'partial_parse': 'True', 'cache_selected_only': 'False', 'warn_error': 'None', 'version_check': 'True', 'debug': 'False', 'log_path': 'logs', 'profiles_dir': '/Users/jessicacarvalho/.dbt', 'fail_fast': 'False', 'use_colors': 'True', 'use_experimental_parser': 'False', 'no_print': 'None', 'quiet': 'False', 'log_format': 'default', 'static_parser': 'True', 'warn_error_options': 'WarnErrorOptions(include=[], exclude=[])', 'introspect': 'True', 'target_path': 'None', 'send_anonymous_usage_stats': 'True'}
[0m19:44:50.806229 [warn ] [MainThread]: [ConfigFolderDirectory]: Unable to parse dict {'dir': PosixPath('/Users/jessicacarvalho/.dbt')}
[0m19:44:50.806394 [info ] [MainThread]: Creating dbt configuration folder at 
[0m19:45:00.984126 [debug] [MainThread]: Starter project path: /Library/Frameworks/Python.framework/Versions/3.9/lib/python3.9/site-packages/dbt/include/starter_project
[0m19:45:22.283932 [info ] [MainThread]: Profile fivetran_demo written to /Users/jessicacarvalho/.dbt/profiles.yml using target's sample configuration. Once updated, you'll be able to start developing with dbt.
[0m19:45:22.284406 [info ] [MainThread]: 
Your new dbt project "fivetran_demo" was created!

For more information on how to configure the profiles.yml file,
please consult the dbt documentation here:

  https://docs.getdbt.com/docs/configure-your-profile

One more thing:

Need help? Don't hesitate to reach out to us via GitHub issues or on Slack:

  https://community.getdbt.com/

Happy modeling!

[0m19:45:22.284803 [debug] [MainThread]: Command `dbt init` succeeded at 19:45:22.284705 after 31.50 seconds
[0m19:45:22.285019 [debug] [MainThread]: Sending event: {'category': 'dbt', 'action': 'invocation', 'label': 'end', 'context': [<snowplow_tracker.self_describing_json.SelfDescribingJson object at 0x1072a94f0>, <snowplow_tracker.self_describing_json.SelfDescribingJson object at 0x1083bfc70>, <snowplow_tracker.self_describing_json.SelfDescribingJson object at 0x1078245e0>]}
[0m19:45:22.285242 [debug] [MainThread]: Flushing usage events
[0m20:28:34.369044 [debug] [MainThread]: Sending event: {'category': 'dbt', 'action': 'invocation', 'label': 'start', 'context': [<snowplow_tracker.self_describing_json.SelfDescribingJson object at 0x102a91d30>, <snowplow_tracker.self_describing_json.SelfDescribingJson object at 0x103de9fd0>, <snowplow_tracker.self_describing_json.SelfDescribingJson object at 0x103de9760>]}


============================== 20:28:34.371620 | 37850fa9-b3c0-4f4d-806f-bb625d947745 ==============================
[0m20:28:34.371620 [info ] [MainThread]: Running with dbt=1.5.1
[0m20:28:34.371958 [debug] [MainThread]: running dbt with arguments {'printer_width': '80', 'indirect_selection': 'eager', 'log_cache_events': 'False', 'write_json': 'True', 'partial_parse': 'True', 'cache_selected_only': 'False', 'profiles_dir': '/Users/jessicacarvalho/.dbt', 'fail_fast': 'False', 'warn_error': 'None', 'log_path': '/Users/jessicacarvalho/repositories/pessoal/fivetran_demo_1/logs', 'debug': 'False', 'version_check': 'True', 'use_colors': 'True', 'use_experimental_parser': 'False', 'no_print': 'None', 'quiet': 'False', 'log_format': 'default', 'static_parser': 'True', 'introspect': 'True', 'warn_error_options': 'WarnErrorOptions(include=[], exclude=[])', 'target_path': 'None', 'send_anonymous_usage_stats': 'True'}
[0m20:28:34.385107 [debug] [MainThread]: Sending event: {'category': 'dbt', 'action': 'project_id', 'label': '37850fa9-b3c0-4f4d-806f-bb625d947745', 'context': [<snowplow_tracker.self_describing_json.SelfDescribingJson object at 0x103f3f8b0>]}
[0m20:28:34.385843 [info ] [MainThread]: Warning: No packages were found in packages.yml
[0m20:28:34.386201 [debug] [MainThread]: Command `dbt deps` succeeded at 20:28:34.386132 after 0.04 seconds
[0m20:28:34.386366 [debug] [MainThread]: Sending event: {'category': 'dbt', 'action': 'invocation', 'label': 'end', 'context': [<snowplow_tracker.self_describing_json.SelfDescribingJson object at 0x102a91d30>, <snowplow_tracker.self_describing_json.SelfDescribingJson object at 0x103f3f8b0>, <snowplow_tracker.self_describing_json.SelfDescribingJson object at 0x103fa1070>]}
[0m20:28:34.386522 [debug] [MainThread]: Flushing usage events
[0m17:19:40.899483 [debug] [MainThread]: Sending event: {'category': 'dbt', 'action': 'invocation', 'label': 'start', 'context': [<snowplow_tracker.self_describing_json.SelfDescribingJson object at 0x106625850>, <snowplow_tracker.self_describing_json.SelfDescribingJson object at 0x107749f10>, <snowplow_tracker.self_describing_json.SelfDescribingJson object at 0x1077900d0>]}


============================== 17:19:40.902024 | a2f512db-e080-4f6a-af80-286b94b26334 ==============================
[0m17:19:40.902024 [info ] [MainThread]: Running with dbt=1.5.1
[0m17:19:40.902332 [debug] [MainThread]: running dbt with arguments {'printer_width': '80', 'indirect_selection': 'eager', 'log_cache_events': 'False', 'write_json': 'True', 'partial_parse': 'True', 'cache_selected_only': 'False', 'profiles_dir': '/Users/jessicacarvalho/.dbt', 'version_check': 'True', 'fail_fast': 'False', 'log_path': '/Users/jessicacarvalho/repositories/pessoal/fivetran_demo_1/logs', 'warn_error': 'None', 'debug': 'False', 'use_colors': 'True', 'use_experimental_parser': 'False', 'no_print': 'None', 'quiet': 'False', 'warn_error_options': 'WarnErrorOptions(include=[], exclude=[])', 'introspect': 'True', 'log_format': 'default', 'static_parser': 'True', 'target_path': 'None', 'send_anonymous_usage_stats': 'True'}
[0m17:19:40.939230 [error] [MainThread]: Encountered an error:
Runtime Error
  Credentials in profile "fivetran_demo", target "dev" invalid: ['dbname'] is not of type 'string'
[0m17:19:40.939635 [debug] [MainThread]: Command `dbt run` failed at 17:19:40.939570 after 0.06 seconds
[0m17:19:40.939809 [debug] [MainThread]: Sending event: {'category': 'dbt', 'action': 'invocation', 'label': 'end', 'context': [<snowplow_tracker.self_describing_json.SelfDescribingJson object at 0x106625850>, <snowplow_tracker.self_describing_json.SelfDescribingJson object at 0x107a79130>, <snowplow_tracker.self_describing_json.SelfDescribingJson object at 0x107a79220>]}
[0m17:19:40.939998 [debug] [MainThread]: Flushing usage events
